2026-07-22T11:46:22.522684 | HB9ON | -
2026-07-22T11:46:22.523235 | HB9ON | Welcome to HB9ON-8 Dxspider Cluster
2026-07-22T11:46:22.724545 | HB9ON | -
2026-07-22T11:46:22.724762 | HB9ON | login: Hello HB9ISO, this is HB9ON-8 in Lugano, Switzerland
2026-07-22T11:46:22.724866 | HB9ON | running DXSpider V1.57 build 686
2026-07-22T11:46:22.724960 | HB9ON | Capabilities: ve7cc rbn
2026-07-22T11:46:22.725055 | HB9ON | HB9ON-8 Dxspider Cluster                *** UNREGISTERED ***
2026-07-22T11:46:22.725147 | HB9ON |                                         http://www.hb9on.net
2026-07-22T11:46:22.725239 | HB9ON | -
2026-07-22T11:46:22.725331 | HB9ON | You must be a REGISTERED user for full access to this Cluster.
2026-07-22T11:46:22.725423 | HB9ON | For registration,  please  send  an email to hb9dhg@gmail.com.
2026-07-22T11:46:22.725515 | HB9ON | -
2026-07-22T11:55:56.604894+00:00 | HB9ON | -
2026-07-22T11:55:56.605825+00:00 | HB9ON | Welcome to HB9ON-8 Dxspider Cluster
2026-07-22T11:55:56.806747+00:00 | HB9ON | -
2026-07-22T11:55:56.806970+00:00 | HB9ON | login: Hello HB9ISO, this is HB9ON-8 in Lugano, Switzerland
2026-07-22T11:55:56.807067+00:00 | HB9ON | running DXSpider V1.57 build 686
2026-07-22T11:55:56.807159+00:00 | HB9ON | Capabilities: ve7cc rbn
2026-07-22T11:55:56.807247+00:00 | HB9ON | HB9ON-8 Dxspider Cluster                *** UNREGISTERED ***
2026-07-22T11:55:56.807334+00:00 | HB9ON |                                         http://www.hb9on.net
2026-07-22T11:55:56.807421+00:00 | HB9ON | -
2026-07-22T11:55:56.807507+00:00 | HB9ON | You must be a REGISTERED user for full access to this Cluster.
2026-07-22T11:55:56.807593+00:00 | HB9ON | For registration,  please  send  an email to hb9dhg@gmail.com.
2026-07-22T11:55:56.807679+00:00 | HB9ON | -
